<?xml version="1.0" encoding="UTF-8"?>
<testng-results skipped="0" failed="7" total="11" passed="4">
  <reporter-output>
  </reporter-output>
  <suite name="Shaadi.com Automation Test Suite" duration-ms="601196" started-at="2018-07-02T07:11:44Z" finished-at="2018-07-02T07:21:45Z">
    <groups>
      <group name="">
        <method signature="LoginTest.Login()[pri:0, instance:page.test.LoginTest@6ebc05a6]" name="Login" class="page.test.LoginTest"/>
        <method signature="SearchTest.Community()[pri:4, instance:page.test.SearchTest@6e6c3152]" name="Community" class="page.test.SearchTest"/>
        <method signature="SearchTest.ConnectNow()[pri:8, instance:page.test.SearchTest@6e6c3152]" name="ConnectNow" class="page.test.SearchTest"/>
        <method signature="SearchTest.Country()[pri:5, instance:page.test.SearchTest@6e6c3152]" name="Country" class="page.test.SearchTest"/>
        <method signature="SearchTest.Manglik()[pri:6, instance:page.test.SearchTest@6e6c3152]" name="Manglik" class="page.test.SearchTest"/>
        <method signature="SearchTest.MaritialStatus()[pri:1, instance:page.test.SearchTest@6e6c3152]" name="MaritialStatus" class="page.test.SearchTest"/>
        <method signature="SearchTest.MotherTongue()[pri:3, instance:page.test.SearchTest@6e6c3152]" name="MotherTongue" class="page.test.SearchTest"/>
        <method signature="SearchTest.Religion()[pri:2, instance:page.test.SearchTest@6e6c3152]" name="Religion" class="page.test.SearchTest"/>
        <method signature="SearchTest.Search()[pri:0, instance:page.test.SearchTest@6e6c3152]" name="Search" class="page.test.SearchTest"/>
        <method signature="SearchTest.SearchNow()[pri:7, instance:page.test.SearchTest@6e6c3152]" name="SearchNow" class="page.test.SearchTest"/>
        <method signature="SearchTest.State()[pri:6, instance:page.test.SearchTest@6e6c3152]" name="State" class="page.test.SearchTest"/>
      </group> <!--  -->
    </groups>
    <test name="Test" duration-ms="601196" started-at="2018-07-02T07:11:44Z" finished-at="2018-07-02T07:21:45Z">
      <class name="page.test.LoginTest">
        <test-method status="PASS" signature="setup(java.lang.String, java.lang.String, java.lang.String, java.lang.String, java.lang.String, java.lang.String, java.lang.String, java.lang.String, java.lang.String, java.lang.String, java.lang.String, java.lang.String, java.lang.String, java.lang.String, java.lang.String, java.lang.String, java.lang.String, java.lang.String, java.lang.String, java.lang.String, java.lang.String, java.lang.String)[pri:0, instance:page.test.LoginTest@6ebc05a6]" name="setup" is-config="true" duration-ms="28801" started-at="2018-07-02T12:41:15Z" finished-at="2018-07-02T12:41:44Z">
          <params>
            <param index="0">
              <value>
                <![CDATA[UX Production Server v1.1.8]]>
              </value>
            </param>
            <param index="1">
              <value>
                <![CDATA[androidLocal]]>
              </value>
            </param>
            <param index="2">
              <value>
                <![CDATA[./Report/]]>
              </value>
            </param>
            <param index="3">
              <value>
                <![CDATA[./ScreenShot/]]>
              </value>
            </param>
            <param index="4">
              <value>
                <![CDATA[/Users/amaanm/Desktop/ShaadiAutomationScript/apk/shaadi.apk]]>
              </value>
            </param>
            <param index="5">
              <value>
                <![CDATA[com.shaadi.android]]>
              </value>
            </param>
            <param index="6">
              <value>
                <![CDATA[Browser]]>
              </value>
            </param>
            <param index="7">
              <value>
                <![CDATA[http://192.168.192.214:4723/wd/hub]]>
              </value>
            </param>
            <param index="8">
              <value>
                <![CDATA[T00940XXR1]]>
              </value>
            </param>
            <param index="9">
              <value>
                <![CDATA[5.1]]>
              </value>
            </param>
            <param index="10">
              <value>
                <![CDATA[Android]]>
              </value>
            </param>
            <param index="11">
              <value>
                <![CDATA[1.8]]>
              </value>
            </param>
            <param index="12">
              <value>
                <![CDATA[]]>
              </value>
            </param>
            <param index="13">
              <value>
                <![CDATA[]]>
              </value>
            </param>
            <param index="14">
              <value>
                <![CDATA[]]>
              </value>
            </param>
            <param index="15">
              <value>
                <![CDATA[]]>
              </value>
            </param>
            <param index="16">
              <value>
                <![CDATA[]]>
              </value>
            </param>
            <param index="17">
              <value>
                <![CDATA[]]>
              </value>
            </param>
            <param index="18">
              <value>
                <![CDATA[]]>
              </value>
            </param>
            <param index="19">
              <value>
                <![CDATA[]]>
              </value>
            </param>
            <param index="20">
              <value>
                <![CDATA[]]>
              </value>
            </param>
            <param index="21">
              <value>
                <![CDATA[com.shaadi.android.ui.splash.SplashScreenActivity]]>
              </value>
            </param>
          </params>
          <reporter-output>
          </reporter-output>
        </test-method> <!-- setup -->
        <test-method status="PASS" signature="beforeclass()[pri:0, instance:page.test.LoginTest@6ebc05a6]" name="beforeclass" is-config="true" duration-ms="58" started-at="2018-07-02T12:41:44Z" finished-at="2018-07-02T12:41:44Z">
          <reporter-output>
          </reporter-output>
        </test-method> <!-- beforeclass -->
        <test-method status="PASS" signature="nameBefore(java.lang.reflect.Method)[pri:0, instance:page.test.LoginTest@6ebc05a6]" name="nameBefore" is-config="true" duration-ms="4" started-at="2018-07-02T12:41:44Z" finished-at="2018-07-02T12:41:44Z">
          <params>
            <param index="0">
              <value>
                <![CDATA[public void page.test.LoginTest.Login() throws java.lang.Exception]]>
              </value>
            </param>
          </params>
          <reporter-output>
          </reporter-output>
        </test-method> <!-- nameBefore -->
        <test-method status="PASS" signature="Login()[pri:0, instance:page.test.LoginTest@6ebc05a6]" name="Login" duration-ms="24428" started-at="2018-07-02T12:41:44Z" finished-at="2018-07-02T12:42:08Z">
          <reporter-output>
          </reporter-output>
        </test-method> <!-- Login -->
        <test-method status="PASS" signature="afterMethod(java.lang.reflect.Method)[pri:0, instance:page.test.LoginTest@6ebc05a6]" name="afterMethod" is-config="true" duration-ms="145" started-at="2018-07-02T12:42:08Z" finished-at="2018-07-02T12:42:09Z">
          <params>
            <param index="0">
              <value>
                <![CDATA[public void page.test.LoginTest.Login() throws java.lang.Exception]]>
              </value>
            </param>
          </params>
          <reporter-output>
          </reporter-output>
        </test-method> <!-- afterMethod -->
        <test-method status="PASS" signature="tearDown()[pri:0, instance:page.test.LoginTest@6ebc05a6]" name="tearDown" is-config="true" duration-ms="2" started-at="2018-07-02T12:51:45Z" finished-at="2018-07-02T12:51:45Z">
          <reporter-output>
          </reporter-output>
        </test-method> <!-- tearDown -->
      </class> <!-- page.test.LoginTest -->
      <class name="page.test.SearchTest">
        <test-method status="PASS" signature="beforeclass()[pri:0, instance:page.test.SearchTest@6e6c3152]" name="beforeclass" is-config="true" duration-ms="25" started-at="2018-07-02T12:42:09Z" finished-at="2018-07-02T12:42:09Z">
          <reporter-output>
          </reporter-output>
        </test-method> <!-- beforeclass -->
        <test-method status="PASS" signature="nameBefore(java.lang.reflect.Method)[pri:0, instance:page.test.SearchTest@6e6c3152]" name="nameBefore" is-config="true" duration-ms="0" started-at="2018-07-02T12:42:09Z" finished-at="2018-07-02T12:42:09Z">
          <params>
            <param index="0">
              <value>
                <![CDATA[public void page.test.SearchTest.Search() throws java.lang.Exception]]>
              </value>
            </param>
          </params>
          <reporter-output>
          </reporter-output>
        </test-method> <!-- nameBefore -->
        <test-method status="PASS" signature="Search()[pri:0, instance:page.test.SearchTest@6e6c3152]" name="Search" duration-ms="3581" started-at="2018-07-02T12:42:09Z" finished-at="2018-07-02T12:42:12Z">
          <reporter-output>
          </reporter-output>
        </test-method> <!-- Search -->
        <test-method status="PASS" signature="afterMethod(java.lang.reflect.Method)[pri:0, instance:page.test.SearchTest@6e6c3152]" name="afterMethod" is-config="true" duration-ms="24" started-at="2018-07-02T12:42:12Z" finished-at="2018-07-02T12:42:12Z">
          <params>
            <param index="0">
              <value>
                <![CDATA[public void page.test.SearchTest.Search() throws java.lang.Exception]]>
              </value>
            </param>
          </params>
          <reporter-output>
          </reporter-output>
        </test-method> <!-- afterMethod -->
        <test-method status="PASS" signature="MaritialStatus()[pri:1, instance:page.test.SearchTest@6e6c3152]" name="MaritialStatus" duration-ms="7555" started-at="2018-07-02T12:42:12Z" finished-at="2018-07-02T12:42:20Z">
          <reporter-output>
          </reporter-output>
        </test-method> <!-- MaritialStatus -->
        <test-method status="PASS" signature="nameBefore(java.lang.reflect.Method)[pri:0, instance:page.test.SearchTest@6e6c3152]" name="nameBefore" is-config="true" duration-ms="0" started-at="2018-07-02T12:42:12Z" finished-at="2018-07-02T12:42:12Z">
          <params>
            <param index="0">
              <value>
                <![CDATA[public void page.test.SearchTest.MaritialStatus() throws java.lang.Exception]]>
              </value>
            </param>
          </params>
          <reporter-output>
          </reporter-output>
        </test-method> <!-- nameBefore -->
        <test-method status="PASS" signature="afterMethod(java.lang.reflect.Method)[pri:0, instance:page.test.SearchTest@6e6c3152]" name="afterMethod" is-config="true" duration-ms="24" started-at="2018-07-02T12:42:20Z" finished-at="2018-07-02T12:42:20Z">
          <params>
            <param index="0">
              <value>
                <![CDATA[public void page.test.SearchTest.MaritialStatus() throws java.lang.Exception]]>
              </value>
            </param>
          </params>
          <reporter-output>
          </reporter-output>
        </test-method> <!-- afterMethod -->
        <test-method status="FAIL" signature="Religion()[pri:2, instance:page.test.SearchTest@6e6c3152]" name="Religion" duration-ms="555126" started-at="2018-07-02T12:42:20Z" finished-at="2018-07-02T12:51:35Z">
          <exception class="org.openqa.selenium.remote.UnreachableBrowserException">
            <message>
              <![CDATA[Error communicating with the remote browser. It may have died.
Build info: version: 'unknown', revision: '31c43c8', time: '2016-08-02 21:57:56 -0700'
System info: host: 'lp7606.people.local', ip: '10.10.1.225', os.name: 'Mac OS X', os.arch: 'x86_64', os.version: '10.12.6', java.version: '1.8.0_77'
Driver info: driver.version: AndroidDriver
Capabilities [{app=/Users/amaanm/Desktop/ShaadiAutomationScript/apk/shaadi.apk, appPackage=com.shaadi.android, deviceScreenSize=540x960, networkConnectionEnabled=true, warnings={}, databaseEnabled=false, deviceName=T00940XXR1, platform=LINUX, deviceUDID=T00940XXR1, appActivity=com.shaadi.android.ui.splash.SplashScreenActivity, desired={app=/Users/amaanm/Desktop/ShaadiAutomationScript/apk/shaadi.apk, appPackage=com.shaadi.android, appActivity=com.shaadi.android.ui.splash.SplashScreenActivity, appium-version=1.8, platformVersion=5.1, platformName=Android, deviceName=T00940XXR1}, appium-version=1.8, platformVersion=5.1, webStorageEnabled=false, locationContextEnabled=false, takesScreenshot=true, javascriptEnabled=true, deviceModel=MotoE2, platformName=Android, deviceManufacturer=motorola}]
Session ID: 60f2db52-e408-4c0a-b8ff-5239b94bee1c]]>
            </message>
            <full-stacktrace>
              <![CDATA[org.openqa.selenium.remote.UnreachableBrowserException: Error communicating with the remote browser. It may have died.
Build info: version: 'unknown', revision: '31c43c8', time: '2016-08-02 21:57:56 -0700'
System info: host: 'lp7606.people.local', ip: '10.10.1.225', os.name: 'Mac OS X', os.arch: 'x86_64', os.version: '10.12.6', java.version: '1.8.0_77'
Driver info: driver.version: AndroidDriver
Capabilities [{app=/Users/amaanm/Desktop/ShaadiAutomationScript/apk/shaadi.apk, appPackage=com.shaadi.android, deviceScreenSize=540x960, networkConnectionEnabled=true, warnings={}, databaseEnabled=false, deviceName=T00940XXR1, platform=LINUX, deviceUDID=T00940XXR1, appActivity=com.shaadi.android.ui.splash.SplashScreenActivity, desired={app=/Users/amaanm/Desktop/ShaadiAutomationScript/apk/shaadi.apk, appPackage=com.shaadi.android, appActivity=com.shaadi.android.ui.splash.SplashScreenActivity, appium-version=1.8, platformVersion=5.1, platformName=Android, deviceName=T00940XXR1}, appium-version=1.8, platformVersion=5.1, webStorageEnabled=false, locationContextEnabled=false, takesScreenshot=true, javascriptEnabled=true, deviceModel=MotoE2, platformName=Android, deviceManufacturer=motorola}]
Session ID: 60f2db52-e408-4c0a-b8ff-5239b94bee1c
	at org.openqa.selenium.remote.RemoteWebDriver.execute(RemoteWebDriver.java:670)
	at io.appium.java_client.DefaultGenericMobileDriver.execute(DefaultGenericMobileDriver.java:42)
	at io.appium.java_client.AppiumDriver.execute(AppiumDriver.java:1)
	at io.appium.java_client.android.AndroidDriver.execute(AndroidDriver.java:1)
	at org.openqa.selenium.remote.RemoteWebDriver.findElement(RemoteWebDriver.java:377)
	at org.openqa.selenium.remote.RemoteWebDriver.findElementById(RemoteWebDriver.java:427)
	at io.appium.java_client.DefaultGenericMobileDriver.findElementById(DefaultGenericMobileDriver.java:62)
	at io.appium.java_client.AppiumDriver.findElementById(AppiumDriver.java:1)
	at io.appium.java_client.android.AndroidDriver.findElementById(AndroidDriver.java:1)
	at org.openqa.selenium.By$ById.findElement(By.java:218)
	at org.openqa.selenium.remote.RemoteWebDriver.findElement(RemoteWebDriver.java:369)
	at io.appium.java_client.DefaultGenericMobileDriver.findElement(DefaultGenericMobileDriver.java:52)
	at io.appium.java_client.AppiumDriver.findElement(AppiumDriver.java:1)
	at io.appium.java_client.android.AndroidDriver.findElement(AndroidDriver.java:1)
	at org.openqa.selenium.support.pagefactory.DefaultElementLocator.findElement(DefaultElementLocator.java:69)
	at org.openqa.selenium.support.pagefactory.internal.LocatingElementHandler.invoke(LocatingElementHandler.java:38)
	at com.sun.proxy.$Proxy13.toString(Unknown Source)
	at java.lang.String.valueOf(String.java:2994)
	at java.lang.StringBuilder.append(StringBuilder.java:131)
	at android.shaadi.BasePageActions.click(BasePageActions.java:95)
	at page.actions.SearchActions.ClickReligionDropdown(SearchActions.java:65)
	at page.test.SearchTest.Religion(SearchTest.java:29)
	at sun.reflect.NativeMethodAccessorImpl.invoke0(Native Method)
	at sun.reflect.NativeMethodAccessorImpl.invoke(NativeMethodAccessorImpl.java:62)
	at sun.reflect.DelegatingMethodAccessorImpl.invoke(DelegatingMethodAccessorImpl.java:43)
	at java.lang.reflect.Method.invoke(Method.java:498)
	at org.testng.internal.MethodInvocationHelper.invokeMethod(MethodInvocationHelper.java:85)
	at org.testng.internal.Invoker.invokeMethod(Invoker.java:639)
	at org.testng.internal.Invoker.invokeTestMethod(Invoker.java:816)
	at org.testng.internal.Invoker.invokeTestMethods(Invoker.java:1124)
	at org.testng.internal.TestMethodWorker.invokeTestMethods(TestMethodWorker.java:125)
	at org.testng.internal.TestMethodWorker.run(TestMethodWorker.java:108)
	at org.testng.TestRunner.privateRun(TestRunner.java:774)
	at org.testng.TestRunner.run(TestRunner.java:624)
	at org.testng.SuiteRunner.runTest(SuiteRunner.java:359)
	at org.testng.SuiteRunner.runSequentially(SuiteRunner.java:354)
	at org.testng.SuiteRunner.privateRun(SuiteRunner.java:312)
	at org.testng.SuiteRunner.run(SuiteRunner.java:261)
	at org.testng.SuiteRunnerWorker.runSuite(SuiteRunnerWorker.java:52)
	at org.testng.SuiteRunnerWorker.run(SuiteRunnerWorker.java:86)
	at org.testng.TestNG.runSuitesSequentially(TestNG.java:1215)
	at org.testng.TestNG.runSuitesLocally(TestNG.java:1140)
	at org.testng.TestNG.run(TestNG.java:1048)
	at org.testng.remote.AbstractRemoteTestNG.run(AbstractRemoteTestNG.java:114)
	at org.testng.remote.RemoteTestNG.initAndRun(RemoteTestNG.java:251)
	at org.testng.remote.RemoteTestNG.main(RemoteTestNG.java:77)
Caused by: org.openqa.selenium.WebDriverException: org.apache.http.NoHttpResponseException: 192.168.192.214:4723 failed to respond
Build info: version: 'unknown', revision: '31c43c8', time: '2016-08-02 21:57:56 -0700'
System info: host: 'lp7606.people.local', ip: '10.10.1.225', os.name: 'Mac OS X', os.arch: 'x86_64', os.version: '10.12.6', java.version: '1.8.0_77'
Driver info: driver.version: AndroidDriver
	at io.appium.java_client.remote.AppiumCommandExecutor.execute(AppiumCommandExecutor.java:64)
	at org.openqa.selenium.remote.RemoteWebDriver.execute(RemoteWebDriver.java:649)
	... 45 more
Caused by: org.apache.http.NoHttpResponseException: 192.168.192.214:4723 failed to respond
	at org.apache.http.impl.conn.DefaultHttpResponseParser.parseHead(DefaultHttpResponseParser.java:143)
	at org.apache.http.impl.conn.DefaultHttpResponseParser.parseHead(DefaultHttpResponseParser.java:57)
	at org.apache.http.impl.io.AbstractMessageParser.parse(AbstractMessageParser.java:260)
	at org.apache.http.impl.DefaultBHttpClientConnection.receiveResponseHeader(DefaultBHttpClientConnection.java:161)
	at sun.reflect.GeneratedMethodAccessor8.invoke(Unknown Source)
	at sun.reflect.DelegatingMethodAccessorImpl.invoke(DelegatingMethodAccessorImpl.java:43)
	at java.lang.reflect.Method.invoke(Method.java:498)
	at org.apache.http.impl.conn.CPoolProxy.invoke(CPoolProxy.java:138)
	at com.sun.proxy.$Proxy10.receiveResponseHeader(Unknown Source)
	at org.apache.http.protocol.HttpRequestExecutor.doReceiveResponse(HttpRequestExecutor.java:271)
	at org.apache.http.protocol.HttpRequestExecutor.execute(HttpRequestExecutor.java:123)
	at org.apache.http.impl.execchain.MainClientExec.execute(MainClientExec.java:254)
	at org.apache.http.impl.execchain.ProtocolExec.execute(ProtocolExec.java:195)
	at org.apache.http.impl.execchain.RetryExec.execute(RetryExec.java:86)
	at org.apache.http.impl.execchain.RedirectExec.execute(RedirectExec.java:108)
	at org.apache.http.impl.client.InternalHttpClient.doExecute(InternalHttpClient.java:186)
	at org.apache.http.impl.client.CloseableHttpClient.execute(CloseableHttpClient.java:72)
	at org.apache.http.impl.client.CloseableHttpClient.execute(CloseableHttpClient.java:57)
	at org.openqa.selenium.remote.internal.ApacheHttpClient.fallBackExecute(ApacheHttpClient.java:160)
	at org.openqa.selenium.remote.internal.ApacheHttpClient.execute(ApacheHttpClient.java:88)
	at org.openqa.selenium.remote.HttpCommandExecutor.execute(HttpCommandExecutor.java:142)
	at io.appium.java_client.remote.AppiumCommandExecutor.execute(AppiumCommandExecutor.java:52)
	... 46 more
]]>
            </full-stacktrace>
          </exception> <!-- org.openqa.selenium.remote.UnreachableBrowserException -->
          <reporter-output>
          </reporter-output>
        </test-method> <!-- Religion -->
        <test-method status="PASS" signature="nameBefore(java.lang.reflect.Method)[pri:0, instance:page.test.SearchTest@6e6c3152]" name="nameBefore" is-config="true" duration-ms="0" started-at="2018-07-02T12:42:20Z" finished-at="2018-07-02T12:42:20Z">
          <params>
            <param index="0">
              <value>
                <![CDATA[public void page.test.SearchTest.Religion() throws java.lang.Exception]]>
              </value>
            </param>
          </params>
          <reporter-output>
          </reporter-output>
        </test-method> <!-- nameBefore -->
        <test-method status="PASS" signature="afterMethod(java.lang.reflect.Method)[pri:0, instance:page.test.SearchTest@6e6c3152]" name="afterMethod" is-config="true" duration-ms="25" started-at="2018-07-02T12:51:35Z" finished-at="2018-07-02T12:51:35Z">
          <params>
            <param index="0">
              <value>
                <![CDATA[public void page.test.SearchTest.Religion() throws java.lang.Exception]]>
              </value>
            </param>
          </params>
          <reporter-output>
          </reporter-output>
        </test-method> <!-- afterMethod -->
        <test-method status="PASS" signature="nameBefore(java.lang.reflect.Method)[pri:0, instance:page.test.SearchTest@6e6c3152]" name="nameBefore" is-config="true" duration-ms="1" started-at="2018-07-02T12:51:35Z" finished-at="2018-07-02T12:51:35Z">
          <params>
            <param index="0">
              <value>
                <![CDATA[public void page.test.SearchTest.MotherTongue() throws java.lang.Exception]]>
              </value>
            </param>
          </params>
          <reporter-output>
          </reporter-output>
        </test-method> <!-- nameBefore -->
        <test-method status="FAIL" signature="MotherTongue()[pri:3, instance:page.test.SearchTest@6e6c3152]" name="MotherTongue" duration-ms="3" started-at="2018-07-02T12:51:35Z" finished-at="2018-07-02T12:51:35Z">
          <exception class="org.openqa.selenium.remote.UnreachableBrowserException">
            <message>
              <![CDATA[Error communicating with the remote browser. It may have died.
Build info: version: 'unknown', revision: '31c43c8', time: '2016-08-02 21:57:56 -0700'
System info: host: 'lp7606.people.local', ip: '10.10.1.225', os.name: 'Mac OS X', os.arch: 'x86_64', os.version: '10.12.6', java.version: '1.8.0_77'
Driver info: driver.version: AppiumDriver
Capabilities [{app=/Users/amaanm/Desktop/ShaadiAutomationScript/apk/shaadi.apk, appPackage=com.shaadi.android, deviceScreenSize=540x960, networkConnectionEnabled=true, warnings={}, databaseEnabled=false, deviceName=T00940XXR1, platform=LINUX, deviceUDID=T00940XXR1, appActivity=com.shaadi.android.ui.splash.SplashScreenActivity, desired={app=/Users/amaanm/Desktop/ShaadiAutomationScript/apk/shaadi.apk, appPackage=com.shaadi.android, appActivity=com.shaadi.android.ui.splash.SplashScreenActivity, appium-version=1.8, platformVersion=5.1, platformName=Android, deviceName=T00940XXR1}, appium-version=1.8, platformVersion=5.1, webStorageEnabled=false, locationContextEnabled=false, takesScreenshot=true, javascriptEnabled=true, deviceModel=MotoE2, platformName=Android, deviceManufacturer=motorola}]
Session ID: 60f2db52-e408-4c0a-b8ff-5239b94bee1c]]>
            </message>
            <full-stacktrace>
              <![CDATA[org.openqa.selenium.remote.UnreachableBrowserException: Error communicating with the remote browser. It may have died.
Build info: version: 'unknown', revision: '31c43c8', time: '2016-08-02 21:57:56 -0700'
System info: host: 'lp7606.people.local', ip: '10.10.1.225', os.name: 'Mac OS X', os.arch: 'x86_64', os.version: '10.12.6', java.version: '1.8.0_77'
Driver info: driver.version: AppiumDriver
Capabilities [{app=/Users/amaanm/Desktop/ShaadiAutomationScript/apk/shaadi.apk, appPackage=com.shaadi.android, deviceScreenSize=540x960, networkConnectionEnabled=true, warnings={}, databaseEnabled=false, deviceName=T00940XXR1, platform=LINUX, deviceUDID=T00940XXR1, appActivity=com.shaadi.android.ui.splash.SplashScreenActivity, desired={app=/Users/amaanm/Desktop/ShaadiAutomationScript/apk/shaadi.apk, appPackage=com.shaadi.android, appActivity=com.shaadi.android.ui.splash.SplashScreenActivity, appium-version=1.8, platformVersion=5.1, platformName=Android, deviceName=T00940XXR1}, appium-version=1.8, platformVersion=5.1, webStorageEnabled=false, locationContextEnabled=false, takesScreenshot=true, javascriptEnabled=true, deviceModel=MotoE2, platformName=Android, deviceManufacturer=motorola}]
Session ID: 60f2db52-e408-4c0a-b8ff-5239b94bee1c
	at org.openqa.selenium.remote.RemoteWebDriver.execute(RemoteWebDriver.java:670)
	at io.appium.java_client.DefaultGenericMobileDriver.execute(DefaultGenericMobileDriver.java:42)
	at io.appium.java_client.AppiumDriver.execute(AppiumDriver.java:1)
	at io.appium.java_client.android.AndroidDriver.execute(AndroidDriver.java:1)
	at org.openqa.selenium.remote.RemoteWebDriver.findElements(RemoteWebDriver.java:402)
	at org.openqa.selenium.remote.RemoteWebDriver.findElementsById(RemoteWebDriver.java:434)
	at io.appium.java_client.DefaultGenericMobileDriver.findElementsById(DefaultGenericMobileDriver.java:57)
	at io.appium.java_client.AppiumDriver.findElementsById(AppiumDriver.java:90)
	at org.openqa.selenium.By$ById.findElements(By.java:210)
	at org.openqa.selenium.remote.RemoteWebDriver.findElements(RemoteWebDriver.java:365)
	at io.appium.java_client.DefaultGenericMobileDriver.findElements(DefaultGenericMobileDriver.java:47)
	at io.appium.java_client.AppiumDriver.findElements(AppiumDriver.java:85)
	at org.openqa.selenium.support.pagefactory.DefaultElementLocator.findElements(DefaultElementLocator.java:85)
	at org.openqa.selenium.support.pagefactory.internal.LocatingElementListHandler.invoke(LocatingElementListHandler.java:36)
	at com.sun.proxy.$Proxy14.size(Unknown Source)
	at page.actions.SearchActions.ClickHindu_MotherTongue(SearchActions.java:154)
	at page.test.SearchTest.MotherTongue(SearchTest.java:38)
	at sun.reflect.NativeMethodAccessorImpl.invoke0(Native Method)
	at sun.reflect.NativeMethodAccessorImpl.invoke(NativeMethodAccessorImpl.java:62)
	at sun.reflect.DelegatingMethodAccessorImpl.invoke(DelegatingMethodAccessorImpl.java:43)
	at java.lang.reflect.Method.invoke(Method.java:498)
	at org.testng.internal.MethodInvocationHelper.invokeMethod(MethodInvocationHelper.java:85)
	at org.testng.internal.Invoker.invokeMethod(Invoker.java:639)
	at org.testng.internal.Invoker.invokeTestMethod(Invoker.java:816)
	at org.testng.internal.Invoker.invokeTestMethods(Invoker.java:1124)
	at org.testng.internal.TestMethodWorker.invokeTestMethods(TestMethodWorker.java:125)
	at org.testng.internal.TestMethodWorker.run(TestMethodWorker.java:108)
	at org.testng.TestRunner.privateRun(TestRunner.java:774)
	at org.testng.TestRunner.run(TestRunner.java:624)
	at org.testng.SuiteRunner.runTest(SuiteRunner.java:359)
	at org.testng.SuiteRunner.runSequentially(SuiteRunner.java:354)
	at org.testng.SuiteRunner.privateRun(SuiteRunner.java:312)
	at org.testng.SuiteRunner.run(SuiteRunner.java:261)
	at org.testng.SuiteRunnerWorker.runSuite(SuiteRunnerWorker.java:52)
	at org.testng.SuiteRunnerWorker.run(SuiteRunnerWorker.java:86)
	at org.testng.TestNG.runSuitesSequentially(TestNG.java:1215)
	at org.testng.TestNG.runSuitesLocally(TestNG.java:1140)
	at org.testng.TestNG.run(TestNG.java:1048)
	at org.testng.remote.AbstractRemoteTestNG.run(AbstractRemoteTestNG.java:114)
	at org.testng.remote.RemoteTestNG.initAndRun(RemoteTestNG.java:251)
	at org.testng.remote.RemoteTestNG.main(RemoteTestNG.java:77)
Caused by: org.openqa.selenium.WebDriverException: org.apache.http.conn.HttpHostConnectException: Connect to 192.168.192.214:4723 [/192.168.192.214] failed: Connection refused
Build info: version: 'unknown', revision: '31c43c8', time: '2016-08-02 21:57:56 -0700'
System info: host: 'lp7606.people.local', ip: '10.10.1.225', os.name: 'Mac OS X', os.arch: 'x86_64', os.version: '10.12.6', java.version: '1.8.0_77'
Driver info: driver.version: AppiumDriver
	at io.appium.java_client.remote.AppiumCommandExecutor.execute(AppiumCommandExecutor.java:64)
	at org.openqa.selenium.remote.RemoteWebDriver.execute(RemoteWebDriver.java:649)
	... 40 more
Caused by: org.apache.http.conn.HttpHostConnectException: Connect to 192.168.192.214:4723 [/192.168.192.214] failed: Connection refused
	at org.apache.http.impl.conn.HttpClientConnectionOperator.connect(HttpClientConnectionOperator.java:140)
	at org.apache.http.impl.conn.PoolingHttpClientConnectionManager.connect(PoolingHttpClientConnectionManager.java:314)
	at org.apache.http.impl.execchain.MainClientExec.establishRoute(MainClientExec.java:363)
	at org.apache.http.impl.execchain.MainClientExec.execute(MainClientExec.java:219)
	at org.apache.http.impl.execchain.ProtocolExec.execute(ProtocolExec.java:195)
	at org.apache.http.impl.execchain.RetryExec.execute(RetryExec.java:86)
	at org.apache.http.impl.execchain.RedirectExec.execute(RedirectExec.java:108)
	at org.apache.http.impl.client.InternalHttpClient.doExecute(InternalHttpClient.java:186)
	at org.apache.http.impl.client.CloseableHttpClient.execute(CloseableHttpClient.java:72)
	at org.apache.http.impl.client.CloseableHttpClient.execute(CloseableHttpClient.java:57)
	at org.openqa.selenium.remote.internal.ApacheHttpClient.fallBackExecute(ApacheHttpClient.java:142)
	at org.openqa.selenium.remote.internal.ApacheHttpClient.execute(ApacheHttpClient.java:88)
	at org.openqa.selenium.remote.HttpCommandExecutor.execute(HttpCommandExecutor.java:142)
	at io.appium.java_client.remote.AppiumCommandExecutor.execute(AppiumCommandExecutor.java:52)
	... 41 more
Caused by: java.net.ConnectException: Connection refused
	at java.net.PlainSocketImpl.socketConnect(Native Method)
	at java.net.AbstractPlainSocketImpl.doConnect(AbstractPlainSocketImpl.java:350)
	at java.net.AbstractPlainSocketImpl.connectToAddress(AbstractPlainSocketImpl.java:206)
	at java.net.AbstractPlainSocketImpl.connect(AbstractPlainSocketImpl.java:188)
	at java.net.SocksSocketImpl.connect(SocksSocketImpl.java:392)
	at java.net.Socket.connect(Socket.java:589)
	at org.apache.http.conn.socket.PlainConnectionSocketFactory.connectSocket(PlainConnectionSocketFactory.java:72)
	at org.apache.http.impl.conn.HttpClientConnectionOperator.connect(HttpClientConnectionOperator.java:117)
	... 54 more
]]>
            </full-stacktrace>
          </exception> <!-- org.openqa.selenium.remote.UnreachableBrowserException -->
          <reporter-output>
          </reporter-output>
        </test-method> <!-- MotherTongue -->
        <test-method status="PASS" signature="afterMethod(java.lang.reflect.Method)[pri:0, instance:page.test.SearchTest@6e6c3152]" name="afterMethod" is-config="true" duration-ms="18" started-at="2018-07-02T12:51:35Z" finished-at="2018-07-02T12:51:35Z">
          <params>
            <param index="0">
              <value>
                <![CDATA[public void page.test.SearchTest.MotherTongue() throws java.lang.Exception]]>
              </value>
            </param>
          </params>
          <reporter-output>
          </reporter-output>
        </test-method> <!-- afterMethod -->
        <test-method status="PASS" signature="nameBefore(java.lang.reflect.Method)[pri:0, instance:page.test.SearchTest@6e6c3152]" name="nameBefore" is-config="true" duration-ms="0" started-at="2018-07-02T12:51:35Z" finished-at="2018-07-02T12:51:35Z">
          <params>
            <param index="0">
              <value>
                <![CDATA[public void page.test.SearchTest.Community() throws java.lang.Exception]]>
              </value>
            </param>
          </params>
          <reporter-output>
          </reporter-output>
        </test-method> <!-- nameBefore -->
        <test-method status="FAIL" signature="Community()[pri:4, instance:page.test.SearchTest@6e6c3152]" name="Community" duration-ms="4" started-at="2018-07-02T12:51:35Z" finished-at="2018-07-02T12:51:35Z">
          <exception class="org.openqa.selenium.remote.UnreachableBrowserException">
            <message>
              <![CDATA[Error communicating with the remote browser. It may have died.
Build info: version: 'unknown', revision: '31c43c8', time: '2016-08-02 21:57:56 -0700'
System info: host: 'lp7606.people.local', ip: '10.10.1.225', os.name: 'Mac OS X', os.arch: 'x86_64', os.version: '10.12.6', java.version: '1.8.0_77'
Driver info: driver.version: AppiumDriver
Capabilities [{app=/Users/amaanm/Desktop/ShaadiAutomationScript/apk/shaadi.apk, appPackage=com.shaadi.android, deviceScreenSize=540x960, networkConnectionEnabled=true, warnings={}, databaseEnabled=false, deviceName=T00940XXR1, platform=LINUX, deviceUDID=T00940XXR1, appActivity=com.shaadi.android.ui.splash.SplashScreenActivity, desired={app=/Users/amaanm/Desktop/ShaadiAutomationScript/apk/shaadi.apk, appPackage=com.shaadi.android, appActivity=com.shaadi.android.ui.splash.SplashScreenActivity, appium-version=1.8, platformVersion=5.1, platformName=Android, deviceName=T00940XXR1}, appium-version=1.8, platformVersion=5.1, webStorageEnabled=false, locationContextEnabled=false, takesScreenshot=true, javascriptEnabled=true, deviceModel=MotoE2, platformName=Android, deviceManufacturer=motorola}]
Session ID: 60f2db52-e408-4c0a-b8ff-5239b94bee1c]]>
            </message>
            <full-stacktrace>
              <![CDATA[org.openqa.selenium.remote.UnreachableBrowserException: Error communicating with the remote browser. It may have died.
Build info: version: 'unknown', revision: '31c43c8', time: '2016-08-02 21:57:56 -0700'
System info: host: 'lp7606.people.local', ip: '10.10.1.225', os.name: 'Mac OS X', os.arch: 'x86_64', os.version: '10.12.6', java.version: '1.8.0_77'
Driver info: driver.version: AppiumDriver
Capabilities [{app=/Users/amaanm/Desktop/ShaadiAutomationScript/apk/shaadi.apk, appPackage=com.shaadi.android, deviceScreenSize=540x960, networkConnectionEnabled=true, warnings={}, databaseEnabled=false, deviceName=T00940XXR1, platform=LINUX, deviceUDID=T00940XXR1, appActivity=com.shaadi.android.ui.splash.SplashScreenActivity, desired={app=/Users/amaanm/Desktop/ShaadiAutomationScript/apk/shaadi.apk, appPackage=com.shaadi.android, appActivity=com.shaadi.android.ui.splash.SplashScreenActivity, appium-version=1.8, platformVersion=5.1, platformName=Android, deviceName=T00940XXR1}, appium-version=1.8, platformVersion=5.1, webStorageEnabled=false, locationContextEnabled=false, takesScreenshot=true, javascriptEnabled=true, deviceModel=MotoE2, platformName=Android, deviceManufacturer=motorola}]
Session ID: 60f2db52-e408-4c0a-b8ff-5239b94bee1c
	at org.openqa.selenium.remote.RemoteWebDriver.execute(RemoteWebDriver.java:670)
	at io.appium.java_client.DefaultGenericMobileDriver.execute(DefaultGenericMobileDriver.java:42)
	at io.appium.java_client.AppiumDriver.execute(AppiumDriver.java:1)
	at io.appium.java_client.android.AndroidDriver.execute(AndroidDriver.java:1)
	at org.openqa.selenium.remote.RemoteWebDriver.findElements(RemoteWebDriver.java:402)
	at org.openqa.selenium.remote.RemoteWebDriver.findElementsById(RemoteWebDriver.java:434)
	at io.appium.java_client.DefaultGenericMobileDriver.findElementsById(DefaultGenericMobileDriver.java:57)
	at io.appium.java_client.AppiumDriver.findElementsById(AppiumDriver.java:90)
	at org.openqa.selenium.By$ById.findElements(By.java:210)
	at org.openqa.selenium.remote.RemoteWebDriver.findElements(RemoteWebDriver.java:365)
	at io.appium.java_client.DefaultGenericMobileDriver.findElements(DefaultGenericMobileDriver.java:47)
	at io.appium.java_client.AppiumDriver.findElements(AppiumDriver.java:85)
	at org.openqa.selenium.support.pagefactory.DefaultElementLocator.findElements(DefaultElementLocator.java:85)
	at org.openqa.selenium.support.pagefactory.internal.LocatingElementListHandler.invoke(LocatingElementListHandler.java:36)
	at com.sun.proxy.$Proxy14.size(Unknown Source)
	at page.actions.SearchActions.ClickCommunityData(SearchActions.java:180)
	at page.test.SearchTest.Community(SearchTest.java:47)
	at sun.reflect.NativeMethodAccessorImpl.invoke0(Native Method)
	at sun.reflect.NativeMethodAccessorImpl.invoke(NativeMethodAccessorImpl.java:62)
	at sun.reflect.DelegatingMethodAccessorImpl.invoke(DelegatingMethodAccessorImpl.java:43)
	at java.lang.reflect.Method.invoke(Method.java:498)
	at org.testng.internal.MethodInvocationHelper.invokeMethod(MethodInvocationHelper.java:85)
	at org.testng.internal.Invoker.invokeMethod(Invoker.java:639)
	at org.testng.internal.Invoker.invokeTestMethod(Invoker.java:816)
	at org.testng.internal.Invoker.invokeTestMethods(Invoker.java:1124)
	at org.testng.internal.TestMethodWorker.invokeTestMethods(TestMethodWorker.java:125)
	at org.testng.internal.TestMethodWorker.run(TestMethodWorker.java:108)
	at org.testng.TestRunner.privateRun(TestRunner.java:774)
	at org.testng.TestRunner.run(TestRunner.java:624)
	at org.testng.SuiteRunner.runTest(SuiteRunner.java:359)
	at org.testng.SuiteRunner.runSequentially(SuiteRunner.java:354)
	at org.testng.SuiteRunner.privateRun(SuiteRunner.java:312)
	at org.testng.SuiteRunner.run(SuiteRunner.java:261)
	at org.testng.SuiteRunnerWorker.runSuite(SuiteRunnerWorker.java:52)
	at org.testng.SuiteRunnerWorker.run(SuiteRunnerWorker.java:86)
	at org.testng.TestNG.runSuitesSequentially(TestNG.java:1215)
	at org.testng.TestNG.runSuitesLocally(TestNG.java:1140)
	at org.testng.TestNG.run(TestNG.java:1048)
	at org.testng.remote.AbstractRemoteTestNG.run(AbstractRemoteTestNG.java:114)
	at org.testng.remote.RemoteTestNG.initAndRun(RemoteTestNG.java:251)
	at org.testng.remote.RemoteTestNG.main(RemoteTestNG.java:77)
Caused by: org.openqa.selenium.WebDriverException: org.apache.http.conn.HttpHostConnectException: Connect to 192.168.192.214:4723 [/192.168.192.214] failed: Connection refused
Build info: version: 'unknown', revision: '31c43c8', time: '2016-08-02 21:57:56 -0700'
System info: host: 'lp7606.people.local', ip: '10.10.1.225', os.name: 'Mac OS X', os.arch: 'x86_64', os.version: '10.12.6', java.version: '1.8.0_77'
Driver info: driver.version: AppiumDriver
	at io.appium.java_client.remote.AppiumCommandExecutor.execute(AppiumCommandExecutor.java:64)
	at org.openqa.selenium.remote.RemoteWebDriver.execute(RemoteWebDriver.java:649)
	... 40 more
Caused by: org.apache.http.conn.HttpHostConnectException: Connect to 192.168.192.214:4723 [/192.168.192.214] failed: Connection refused
	at org.apache.http.impl.conn.HttpClientConnectionOperator.connect(HttpClientConnectionOperator.java:140)
	at org.apache.http.impl.conn.PoolingHttpClientConnectionManager.connect(PoolingHttpClientConnectionManager.java:314)
	at org.apache.http.impl.execchain.MainClientExec.establishRoute(MainClientExec.java:363)
	at org.apache.http.impl.execchain.MainClientExec.execute(MainClientExec.java:219)
	at org.apache.http.impl.execchain.ProtocolExec.execute(ProtocolExec.java:195)
	at org.apache.http.impl.execchain.RetryExec.execute(RetryExec.java:86)
	at org.apache.http.impl.execchain.RedirectExec.execute(RedirectExec.java:108)
	at org.apache.http.impl.client.InternalHttpClient.doExecute(InternalHttpClient.java:186)
	at org.apache.http.impl.client.CloseableHttpClient.execute(CloseableHttpClient.java:72)
	at org.apache.http.impl.client.CloseableHttpClient.execute(CloseableHttpClient.java:57)
	at org.openqa.selenium.remote.internal.ApacheHttpClient.fallBackExecute(ApacheHttpClient.java:142)
	at org.openqa.selenium.remote.internal.ApacheHttpClient.execute(ApacheHttpClient.java:88)
	at org.openqa.selenium.remote.HttpCommandExecutor.execute(HttpCommandExecutor.java:142)
	at io.appium.java_client.remote.AppiumCommandExecutor.execute(AppiumCommandExecutor.java:52)
	... 41 more
Caused by: java.net.ConnectException: Connection refused
	at java.net.PlainSocketImpl.socketConnect(Native Method)
	at java.net.AbstractPlainSocketImpl.doConnect(AbstractPlainSocketImpl.java:350)
	at java.net.AbstractPlainSocketImpl.connectToAddress(AbstractPlainSocketImpl.java:206)
	at java.net.AbstractPlainSocketImpl.connect(AbstractPlainSocketImpl.java:188)
	at java.net.SocksSocketImpl.connect(SocksSocketImpl.java:392)
	at java.net.Socket.connect(Socket.java:589)
	at org.apache.http.conn.socket.PlainConnectionSocketFactory.connectSocket(PlainConnectionSocketFactory.java:72)
	at org.apache.http.impl.conn.HttpClientConnectionOperator.connect(HttpClientConnectionOperator.java:117)
	... 54 more
]]>
            </full-stacktrace>
          </exception> <!-- org.openqa.selenium.remote.UnreachableBrowserException -->
          <reporter-output>
          </reporter-output>
        </test-method> <!-- Community -->
        <test-method status="PASS" signature="afterMethod(java.lang.reflect.Method)[pri:0, instance:page.test.SearchTest@6e6c3152]" name="afterMethod" is-config="true" duration-ms="19" started-at="2018-07-02T12:51:35Z" finished-at="2018-07-02T12:51:35Z">
          <params>
            <param index="0">
              <value>
                <![CDATA[public void page.test.SearchTest.Community() throws java.lang.Exception]]>
              </value>
            </param>
          </params>
          <reporter-output>
          </reporter-output>
        </test-method> <!-- afterMethod -->
        <test-method status="PASS" signature="nameBefore(java.lang.reflect.Method)[pri:0, instance:page.test.SearchTest@6e6c3152]" name="nameBefore" is-config="true" duration-ms="0" started-at="2018-07-02T12:51:35Z" finished-at="2018-07-02T12:51:35Z">
          <params>
            <param index="0">
              <value>
                <![CDATA[public void page.test.SearchTest.Country() throws java.lang.Exception]]>
              </value>
            </param>
          </params>
          <reporter-output>
          </reporter-output>
        </test-method> <!-- nameBefore -->
        <test-method status="FAIL" signature="Country()[pri:5, instance:page.test.SearchTest@6e6c3152]" name="Country" duration-ms="6" started-at="2018-07-02T12:51:35Z" finished-at="2018-07-02T12:51:35Z">
          <exception class="org.openqa.selenium.remote.UnreachableBrowserException">
            <message>
              <![CDATA[Error communicating with the remote browser. It may have died.
Build info: version: 'unknown', revision: '31c43c8', time: '2016-08-02 21:57:56 -0700'
System info: host: 'lp7606.people.local', ip: '10.10.1.225', os.name: 'Mac OS X', os.arch: 'x86_64', os.version: '10.12.6', java.version: '1.8.0_77'
Driver info: driver.version: AppiumDriver
Capabilities [{app=/Users/amaanm/Desktop/ShaadiAutomationScript/apk/shaadi.apk, appPackage=com.shaadi.android, deviceScreenSize=540x960, networkConnectionEnabled=true, warnings={}, databaseEnabled=false, deviceName=T00940XXR1, platform=LINUX, deviceUDID=T00940XXR1, appActivity=com.shaadi.android.ui.splash.SplashScreenActivity, desired={app=/Users/amaanm/Desktop/ShaadiAutomationScript/apk/shaadi.apk, appPackage=com.shaadi.android, appActivity=com.shaadi.android.ui.splash.SplashScreenActivity, appium-version=1.8, platformVersion=5.1, platformName=Android, deviceName=T00940XXR1}, appium-version=1.8, platformVersion=5.1, webStorageEnabled=false, locationContextEnabled=false, takesScreenshot=true, javascriptEnabled=true, deviceModel=MotoE2, platformName=Android, deviceManufacturer=motorola}]
Session ID: 60f2db52-e408-4c0a-b8ff-5239b94bee1c]]>
            </message>
            <full-stacktrace>
              <![CDATA[org.openqa.selenium.remote.UnreachableBrowserException: Error communicating with the remote browser. It may have died.
Build info: version: 'unknown', revision: '31c43c8', time: '2016-08-02 21:57:56 -0700'
System info: host: 'lp7606.people.local', ip: '10.10.1.225', os.name: 'Mac OS X', os.arch: 'x86_64', os.version: '10.12.6', java.version: '1.8.0_77'
Driver info: driver.version: AppiumDriver
Capabilities [{app=/Users/amaanm/Desktop/ShaadiAutomationScript/apk/shaadi.apk, appPackage=com.shaadi.android, deviceScreenSize=540x960, networkConnectionEnabled=true, warnings={}, databaseEnabled=false, deviceName=T00940XXR1, platform=LINUX, deviceUDID=T00940XXR1, appActivity=com.shaadi.android.ui.splash.SplashScreenActivity, desired={app=/Users/amaanm/Desktop/ShaadiAutomationScript/apk/shaadi.apk, appPackage=com.shaadi.android, appActivity=com.shaadi.android.ui.splash.SplashScreenActivity, appium-version=1.8, platformVersion=5.1, platformName=Android, deviceName=T00940XXR1}, appium-version=1.8, platformVersion=5.1, webStorageEnabled=false, locationContextEnabled=false, takesScreenshot=true, javascriptEnabled=true, deviceModel=MotoE2, platformName=Android, deviceManufacturer=motorola}]
Session ID: 60f2db52-e408-4c0a-b8ff-5239b94bee1c
	at org.openqa.selenium.remote.RemoteWebDriver.execute(RemoteWebDriver.java:670)
	at io.appium.java_client.DefaultGenericMobileDriver.execute(DefaultGenericMobileDriver.java:42)
	at io.appium.java_client.AppiumDriver.execute(AppiumDriver.java:1)
	at io.appium.java_client.android.AndroidDriver.execute(AndroidDriver.java:1)
	at org.openqa.selenium.remote.RemoteWebDriver.findElements(RemoteWebDriver.java:402)
	at org.openqa.selenium.remote.RemoteWebDriver.findElementsById(RemoteWebDriver.java:434)
	at io.appium.java_client.DefaultGenericMobileDriver.findElementsById(DefaultGenericMobileDriver.java:57)
	at io.appium.java_client.AppiumDriver.findElementsById(AppiumDriver.java:90)
	at org.openqa.selenium.By$ById.findElements(By.java:210)
	at org.openqa.selenium.remote.RemoteWebDriver.findElements(RemoteWebDriver.java:365)
	at io.appium.java_client.DefaultGenericMobileDriver.findElements(DefaultGenericMobileDriver.java:47)
	at io.appium.java_client.AppiumDriver.findElements(AppiumDriver.java:85)
	at org.openqa.selenium.support.pagefactory.DefaultElementLocator.findElements(DefaultElementLocator.java:85)
	at org.openqa.selenium.support.pagefactory.internal.LocatingElementListHandler.invoke(LocatingElementListHandler.java:36)
	at com.sun.proxy.$Proxy14.size(Unknown Source)
	at page.actions.SearchActions.ClickCountryData(SearchActions.java:207)
	at page.test.SearchTest.Country(SearchTest.java:55)
	at sun.reflect.NativeMethodAccessorImpl.invoke0(Native Method)
	at sun.reflect.NativeMethodAccessorImpl.invoke(NativeMethodAccessorImpl.java:62)
	at sun.reflect.DelegatingMethodAccessorImpl.invoke(DelegatingMethodAccessorImpl.java:43)
	at java.lang.reflect.Method.invoke(Method.java:498)
	at org.testng.internal.MethodInvocationHelper.invokeMethod(MethodInvocationHelper.java:85)
	at org.testng.internal.Invoker.invokeMethod(Invoker.java:639)
	at org.testng.internal.Invoker.invokeTestMethod(Invoker.java:816)
	at org.testng.internal.Invoker.invokeTestMethods(Invoker.java:1124)
	at org.testng.internal.TestMethodWorker.invokeTestMethods(TestMethodWorker.java:125)
	at org.testng.internal.TestMethodWorker.run(TestMethodWorker.java:108)
	at org.testng.TestRunner.privateRun(TestRunner.java:774)
	at org.testng.TestRunner.run(TestRunner.java:624)
	at org.testng.SuiteRunner.runTest(SuiteRunner.java:359)
	at org.testng.SuiteRunner.runSequentially(SuiteRunner.java:354)
	at org.testng.SuiteRunner.privateRun(SuiteRunner.java:312)
	at org.testng.SuiteRunner.run(SuiteRunner.java:261)
	at org.testng.SuiteRunnerWorker.runSuite(SuiteRunnerWorker.java:52)
	at org.testng.SuiteRunnerWorker.run(SuiteRunnerWorker.java:86)
	at org.testng.TestNG.runSuitesSequentially(TestNG.java:1215)
	at org.testng.TestNG.runSuitesLocally(TestNG.java:1140)
	at org.testng.TestNG.run(TestNG.java:1048)
	at org.testng.remote.AbstractRemoteTestNG.run(AbstractRemoteTestNG.java:114)
	at org.testng.remote.RemoteTestNG.initAndRun(RemoteTestNG.java:251)
	at org.testng.remote.RemoteTestNG.main(RemoteTestNG.java:77)
Caused by: org.openqa.selenium.WebDriverException: org.apache.http.conn.HttpHostConnectException: Connect to 192.168.192.214:4723 [/192.168.192.214] failed: Connection refused
Build info: version: 'unknown', revision: '31c43c8', time: '2016-08-02 21:57:56 -0700'
System info: host: 'lp7606.people.local', ip: '10.10.1.225', os.name: 'Mac OS X', os.arch: 'x86_64', os.version: '10.12.6', java.version: '1.8.0_77'
Driver info: driver.version: AppiumDriver
	at io.appium.java_client.remote.AppiumCommandExecutor.execute(AppiumCommandExecutor.java:64)
	at org.openqa.selenium.remote.RemoteWebDriver.execute(RemoteWebDriver.java:649)
	... 40 more
Caused by: org.apache.http.conn.HttpHostConnectException: Connect to 192.168.192.214:4723 [/192.168.192.214] failed: Connection refused
	at org.apache.http.impl.conn.HttpClientConnectionOperator.connect(HttpClientConnectionOperator.java:140)
	at org.apache.http.impl.conn.PoolingHttpClientConnectionManager.connect(PoolingHttpClientConnectionManager.java:314)
	at org.apache.http.impl.execchain.MainClientExec.establishRoute(MainClientExec.java:363)
	at org.apache.http.impl.execchain.MainClientExec.execute(MainClientExec.java:219)
	at org.apache.http.impl.execchain.ProtocolExec.execute(ProtocolExec.java:195)
	at org.apache.http.impl.execchain.RetryExec.execute(RetryExec.java:86)
	at org.apache.http.impl.execchain.RedirectExec.execute(RedirectExec.java:108)
	at org.apache.http.impl.client.InternalHttpClient.doExecute(InternalHttpClient.java:186)
	at org.apache.http.impl.client.CloseableHttpClient.execute(CloseableHttpClient.java:72)
	at org.apache.http.impl.client.CloseableHttpClient.execute(CloseableHttpClient.java:57)
	at org.openqa.selenium.remote.internal.ApacheHttpClient.fallBackExecute(ApacheHttpClient.java:142)
	at org.openqa.selenium.remote.internal.ApacheHttpClient.execute(ApacheHttpClient.java:88)
	at org.openqa.selenium.remote.HttpCommandExecutor.execute(HttpCommandExecutor.java:142)
	at io.appium.java_client.remote.AppiumCommandExecutor.execute(AppiumCommandExecutor.java:52)
	... 41 more
Caused by: java.net.ConnectException: Connection refused
	at java.net.PlainSocketImpl.socketConnect(Native Method)
	at java.net.AbstractPlainSocketImpl.doConnect(AbstractPlainSocketImpl.java:350)
	at java.net.AbstractPlainSocketImpl.connectToAddress(AbstractPlainSocketImpl.java:206)
	at java.net.AbstractPlainSocketImpl.connect(AbstractPlainSocketImpl.java:188)
	at java.net.SocksSocketImpl.connect(SocksSocketImpl.java:392)
	at java.net.Socket.connect(Socket.java:589)
	at org.apache.http.conn.socket.PlainConnectionSocketFactory.connectSocket(PlainConnectionSocketFactory.java:72)
	at org.apache.http.impl.conn.HttpClientConnectionOperator.connect(HttpClientConnectionOperator.java:117)
	... 54 more
]]>
            </full-stacktrace>
          </exception> <!-- org.openqa.selenium.remote.UnreachableBrowserException -->
          <reporter-output>
          </reporter-output>
        </test-method> <!-- Country -->
        <test-method status="PASS" signature="afterMethod(java.lang.reflect.Method)[pri:0, instance:page.test.SearchTest@6e6c3152]" name="afterMethod" is-config="true" duration-ms="19" started-at="2018-07-02T12:51:35Z" finished-at="2018-07-02T12:51:35Z">
          <params>
            <param index="0">
              <value>
                <![CDATA[public void page.test.SearchTest.Country() throws java.lang.Exception]]>
              </value>
            </param>
          </params>
          <reporter-output>
          </reporter-output>
        </test-method> <!-- afterMethod -->
        <test-method status="PASS" signature="nameBefore(java.lang.reflect.Method)[pri:0, instance:page.test.SearchTest@6e6c3152]" name="nameBefore" is-config="true" duration-ms="0" started-at="2018-07-02T12:51:35Z" finished-at="2018-07-02T12:51:35Z">
          <params>
            <param index="0">
              <value>
                <![CDATA[public void page.test.SearchTest.Manglik() throws java.lang.Exception]]>
              </value>
            </param>
          </params>
          <reporter-output>
          </reporter-output>
        </test-method> <!-- nameBefore -->
        <test-method status="FAIL" signature="Manglik()[pri:6, instance:page.test.SearchTest@6e6c3152]" name="Manglik" duration-ms="5" started-at="2018-07-02T12:51:35Z" finished-at="2018-07-02T12:51:35Z">
          <exception class="org.openqa.selenium.remote.UnreachableBrowserException">
            <message>
              <![CDATA[Error communicating with the remote browser. It may have died.
Build info: version: 'unknown', revision: '31c43c8', time: '2016-08-02 21:57:56 -0700'
System info: host: 'lp7606.people.local', ip: '10.10.1.225', os.name: 'Mac OS X', os.arch: 'x86_64', os.version: '10.12.6', java.version: '1.8.0_77'
Driver info: driver.version: AppiumDriver
Capabilities [{app=/Users/amaanm/Desktop/ShaadiAutomationScript/apk/shaadi.apk, appPackage=com.shaadi.android, deviceScreenSize=540x960, networkConnectionEnabled=true, warnings={}, databaseEnabled=false, deviceName=T00940XXR1, platform=LINUX, deviceUDID=T00940XXR1, appActivity=com.shaadi.android.ui.splash.SplashScreenActivity, desired={app=/Users/amaanm/Desktop/ShaadiAutomationScript/apk/shaadi.apk, appPackage=com.shaadi.android, appActivity=com.shaadi.android.ui.splash.SplashScreenActivity, appium-version=1.8, platformVersion=5.1, platformName=Android, deviceName=T00940XXR1}, appium-version=1.8, platformVersion=5.1, webStorageEnabled=false, locationContextEnabled=false, takesScreenshot=true, javascriptEnabled=true, deviceModel=MotoE2, platformName=Android, deviceManufacturer=motorola}]
Session ID: 60f2db52-e408-4c0a-b8ff-5239b94bee1c]]>
            </message>
            <full-stacktrace>
              <![CDATA[org.openqa.selenium.remote.UnreachableBrowserException: Error communicating with the remote browser. It may have died.
Build info: version: 'unknown', revision: '31c43c8', time: '2016-08-02 21:57:56 -0700'
System info: host: 'lp7606.people.local', ip: '10.10.1.225', os.name: 'Mac OS X', os.arch: 'x86_64', os.version: '10.12.6', java.version: '1.8.0_77'
Driver info: driver.version: AppiumDriver
Capabilities [{app=/Users/amaanm/Desktop/ShaadiAutomationScript/apk/shaadi.apk, appPackage=com.shaadi.android, deviceScreenSize=540x960, networkConnectionEnabled=true, warnings={}, databaseEnabled=false, deviceName=T00940XXR1, platform=LINUX, deviceUDID=T00940XXR1, appActivity=com.shaadi.android.ui.splash.SplashScreenActivity, desired={app=/Users/amaanm/Desktop/ShaadiAutomationScript/apk/shaadi.apk, appPackage=com.shaadi.android, appActivity=com.shaadi.android.ui.splash.SplashScreenActivity, appium-version=1.8, platformVersion=5.1, platformName=Android, deviceName=T00940XXR1}, appium-version=1.8, platformVersion=5.1, webStorageEnabled=false, locationContextEnabled=false, takesScreenshot=true, javascriptEnabled=true, deviceModel=MotoE2, platformName=Android, deviceManufacturer=motorola}]
Session ID: 60f2db52-e408-4c0a-b8ff-5239b94bee1c
	at org.openqa.selenium.remote.RemoteWebDriver.execute(RemoteWebDriver.java:670)
	at io.appium.java_client.DefaultGenericMobileDriver.execute(DefaultGenericMobileDriver.java:42)
	at io.appium.java_client.AppiumDriver.execute(AppiumDriver.java:1)
	at io.appium.java_client.android.AndroidDriver.execute(AndroidDriver.java:1)
	at org.openqa.selenium.remote.RemoteWebDriver.findElements(RemoteWebDriver.java:402)
	at org.openqa.selenium.remote.RemoteWebDriver.findElementsById(RemoteWebDriver.java:434)
	at io.appium.java_client.DefaultGenericMobileDriver.findElementsById(DefaultGenericMobileDriver.java:57)
	at io.appium.java_client.AppiumDriver.findElementsById(AppiumDriver.java:90)
	at org.openqa.selenium.By$ById.findElements(By.java:210)
	at org.openqa.selenium.remote.RemoteWebDriver.findElements(RemoteWebDriver.java:365)
	at io.appium.java_client.DefaultGenericMobileDriver.findElements(DefaultGenericMobileDriver.java:47)
	at io.appium.java_client.AppiumDriver.findElements(AppiumDriver.java:85)
	at org.openqa.selenium.support.pagefactory.DefaultElementLocator.findElements(DefaultElementLocator.java:85)
	at org.openqa.selenium.support.pagefactory.internal.LocatingElementListHandler.invoke(LocatingElementListHandler.java:36)
	at com.sun.proxy.$Proxy14.size(Unknown Source)
	at page.actions.SearchActions.ClickManglikData(SearchActions.java:260)
	at page.test.SearchTest.Manglik(SearchTest.java:73)
	at sun.reflect.NativeMethodAccessorImpl.invoke0(Native Method)
	at sun.reflect.NativeMethodAccessorImpl.invoke(NativeMethodAccessorImpl.java:62)
	at sun.reflect.DelegatingMethodAccessorImpl.invoke(DelegatingMethodAccessorImpl.java:43)
	at java.lang.reflect.Method.invoke(Method.java:498)
	at org.testng.internal.MethodInvocationHelper.invokeMethod(MethodInvocationHelper.java:85)
	at org.testng.internal.Invoker.invokeMethod(Invoker.java:639)
	at org.testng.internal.Invoker.invokeTestMethod(Invoker.java:816)
	at org.testng.internal.Invoker.invokeTestMethods(Invoker.java:1124)
	at org.testng.internal.TestMethodWorker.invokeTestMethods(TestMethodWorker.java:125)
	at org.testng.internal.TestMethodWorker.run(TestMethodWorker.java:108)
	at org.testng.TestRunner.privateRun(TestRunner.java:774)
	at org.testng.TestRunner.run(TestRunner.java:624)
	at org.testng.SuiteRunner.runTest(SuiteRunner.java:359)
	at org.testng.SuiteRunner.runSequentially(SuiteRunner.java:354)
	at org.testng.SuiteRunner.privateRun(SuiteRunner.java:312)
	at org.testng.SuiteRunner.run(SuiteRunner.java:261)
	at org.testng.SuiteRunnerWorker.runSuite(SuiteRunnerWorker.java:52)
	at org.testng.SuiteRunnerWorker.run(SuiteRunnerWorker.java:86)
	at org.testng.TestNG.runSuitesSequentially(TestNG.java:1215)
	at org.testng.TestNG.runSuitesLocally(TestNG.java:1140)
	at org.testng.TestNG.run(TestNG.java:1048)
	at org.testng.remote.AbstractRemoteTestNG.run(AbstractRemoteTestNG.java:114)
	at org.testng.remote.RemoteTestNG.initAndRun(RemoteTestNG.java:251)
	at org.testng.remote.RemoteTestNG.main(RemoteTestNG.java:77)
Caused by: org.openqa.selenium.WebDriverException: org.apache.http.conn.HttpHostConnectException: Connect to 192.168.192.214:4723 [/192.168.192.214] failed: Connection refused
Build info: version: 'unknown', revision: '31c43c8', time: '2016-08-02 21:57:56 -0700'
System info: host: 'lp7606.people.local', ip: '10.10.1.225', os.name: 'Mac OS X', os.arch: 'x86_64', os.version: '10.12.6', java.version: '1.8.0_77'
Driver info: driver.version: AppiumDriver
	at io.appium.java_client.remote.AppiumCommandExecutor.execute(AppiumCommandExecutor.java:64)
	at org.openqa.selenium.remote.RemoteWebDriver.execute(RemoteWebDriver.java:649)
	... 40 more
Caused by: org.apache.http.conn.HttpHostConnectException: Connect to 192.168.192.214:4723 [/192.168.192.214] failed: Connection refused
	at org.apache.http.impl.conn.HttpClientConnectionOperator.connect(HttpClientConnectionOperator.java:140)
	at org.apache.http.impl.conn.PoolingHttpClientConnectionManager.connect(PoolingHttpClientConnectionManager.java:314)
	at org.apache.http.impl.execchain.MainClientExec.establishRoute(MainClientExec.java:363)
	at org.apache.http.impl.execchain.MainClientExec.execute(MainClientExec.java:219)
	at org.apache.http.impl.execchain.ProtocolExec.execute(ProtocolExec.java:195)
	at org.apache.http.impl.execchain.RetryExec.execute(RetryExec.java:86)
	at org.apache.http.impl.execchain.RedirectExec.execute(RedirectExec.java:108)
	at org.apache.http.impl.client.InternalHttpClient.doExecute(InternalHttpClient.java:186)
	at org.apache.http.impl.client.CloseableHttpClient.execute(CloseableHttpClient.java:72)
	at org.apache.http.impl.client.CloseableHttpClient.execute(CloseableHttpClient.java:57)
	at org.openqa.selenium.remote.internal.ApacheHttpClient.fallBackExecute(ApacheHttpClient.java:142)
	at org.openqa.selenium.remote.internal.ApacheHttpClient.execute(ApacheHttpClient.java:88)
	at org.openqa.selenium.remote.HttpCommandExecutor.execute(HttpCommandExecutor.java:142)
	at io.appium.java_client.remote.AppiumCommandExecutor.execute(AppiumCommandExecutor.java:52)
	... 41 more
Caused by: java.net.ConnectException: Connection refused
	at java.net.PlainSocketImpl.socketConnect(Native Method)
	at java.net.AbstractPlainSocketImpl.doConnect(AbstractPlainSocketImpl.java:350)
	at java.net.AbstractPlainSocketImpl.connectToAddress(AbstractPlainSocketImpl.java:206)
	at java.net.AbstractPlainSocketImpl.connect(AbstractPlainSocketImpl.java:188)
	at java.net.SocksSocketImpl.connect(SocksSocketImpl.java:392)
	at java.net.Socket.connect(Socket.java:589)
	at org.apache.http.conn.socket.PlainConnectionSocketFactory.connectSocket(PlainConnectionSocketFactory.java:72)
	at org.apache.http.impl.conn.HttpClientConnectionOperator.connect(HttpClientConnectionOperator.java:117)
	... 54 more
]]>
            </full-stacktrace>
          </exception> <!-- org.openqa.selenium.remote.UnreachableBrowserException -->
          <reporter-output>
          </reporter-output>
        </test-method> <!-- Manglik -->
        <test-method status="PASS" signature="afterMethod(java.lang.reflect.Method)[pri:0, instance:page.test.SearchTest@6e6c3152]" name="afterMethod" is-config="true" duration-ms="17" started-at="2018-07-02T12:51:35Z" finished-at="2018-07-02T12:51:35Z">
          <params>
            <param index="0">
              <value>
                <![CDATA[public void page.test.SearchTest.Manglik() throws java.lang.Exception]]>
              </value>
            </param>
          </params>
          <reporter-output>
          </reporter-output>
        </test-method> <!-- afterMethod -->
        <test-method status="PASS" signature="nameBefore(java.lang.reflect.Method)[pri:0, instance:page.test.SearchTest@6e6c3152]" name="nameBefore" is-config="true" duration-ms="1" started-at="2018-07-02T12:51:35Z" finished-at="2018-07-02T12:51:35Z">
          <params>
            <param index="0">
              <value>
                <![CDATA[public void page.test.SearchTest.State() throws java.lang.Exception]]>
              </value>
            </param>
          </params>
          <reporter-output>
          </reporter-output>
        </test-method> <!-- nameBefore -->
        <test-method status="FAIL" signature="State()[pri:6, instance:page.test.SearchTest@6e6c3152]" name="State" duration-ms="4" started-at="2018-07-02T12:51:35Z" finished-at="2018-07-02T12:51:35Z">
          <exception class="org.openqa.selenium.remote.UnreachableBrowserException">
            <message>
              <![CDATA[Error communicating with the remote browser. It may have died.
Build info: version: 'unknown', revision: '31c43c8', time: '2016-08-02 21:57:56 -0700'
System info: host: 'lp7606.people.local', ip: '10.10.1.225', os.name: 'Mac OS X', os.arch: 'x86_64', os.version: '10.12.6', java.version: '1.8.0_77'
Driver info: driver.version: AppiumDriver
Capabilities [{app=/Users/amaanm/Desktop/ShaadiAutomationScript/apk/shaadi.apk, appPackage=com.shaadi.android, deviceScreenSize=540x960, networkConnectionEnabled=true, warnings={}, databaseEnabled=false, deviceName=T00940XXR1, platform=LINUX, deviceUDID=T00940XXR1, appActivity=com.shaadi.android.ui.splash.SplashScreenActivity, desired={app=/Users/amaanm/Desktop/ShaadiAutomationScript/apk/shaadi.apk, appPackage=com.shaadi.android, appActivity=com.shaadi.android.ui.splash.SplashScreenActivity, appium-version=1.8, platformVersion=5.1, platformName=Android, deviceName=T00940XXR1}, appium-version=1.8, platformVersion=5.1, webStorageEnabled=false, locationContextEnabled=false, takesScreenshot=true, javascriptEnabled=true, deviceModel=MotoE2, platformName=Android, deviceManufacturer=motorola}]
Session ID: 60f2db52-e408-4c0a-b8ff-5239b94bee1c]]>
            </message>
            <full-stacktrace>
              <![CDATA[org.openqa.selenium.remote.UnreachableBrowserException: Error communicating with the remote browser. It may have died.
Build info: version: 'unknown', revision: '31c43c8', time: '2016-08-02 21:57:56 -0700'
System info: host: 'lp7606.people.local', ip: '10.10.1.225', os.name: 'Mac OS X', os.arch: 'x86_64', os.version: '10.12.6', java.version: '1.8.0_77'
Driver info: driver.version: AppiumDriver
Capabilities [{app=/Users/amaanm/Desktop/ShaadiAutomationScript/apk/shaadi.apk, appPackage=com.shaadi.android, deviceScreenSize=540x960, networkConnectionEnabled=true, warnings={}, databaseEnabled=false, deviceName=T00940XXR1, platform=LINUX, deviceUDID=T00940XXR1, appActivity=com.shaadi.android.ui.splash.SplashScreenActivity, desired={app=/Users/amaanm/Desktop/ShaadiAutomationScript/apk/shaadi.apk, appPackage=com.shaadi.android, appActivity=com.shaadi.android.ui.splash.SplashScreenActivity, appium-version=1.8, platformVersion=5.1, platformName=Android, deviceName=T00940XXR1}, appium-version=1.8, platformVersion=5.1, webStorageEnabled=false, locationContextEnabled=false, takesScreenshot=true, javascriptEnabled=true, deviceModel=MotoE2, platformName=Android, deviceManufacturer=motorola}]
Session ID: 60f2db52-e408-4c0a-b8ff-5239b94bee1c
	at org.openqa.selenium.remote.RemoteWebDriver.execute(RemoteWebDriver.java:670)
	at io.appium.java_client.DefaultGenericMobileDriver.execute(DefaultGenericMobileDriver.java:42)
	at io.appium.java_client.AppiumDriver.execute(AppiumDriver.java:1)
	at io.appium.java_client.android.AndroidDriver.execute(AndroidDriver.java:1)
	at org.openqa.selenium.remote.RemoteWebDriver.findElements(RemoteWebDriver.java:402)
	at org.openqa.selenium.remote.RemoteWebDriver.findElementsById(RemoteWebDriver.java:434)
	at io.appium.java_client.DefaultGenericMobileDriver.findElementsById(DefaultGenericMobileDriver.java:57)
	at io.appium.java_client.AppiumDriver.findElementsById(AppiumDriver.java:90)
	at org.openqa.selenium.By$ById.findElements(By.java:210)
	at org.openqa.selenium.remote.RemoteWebDriver.findElements(RemoteWebDriver.java:365)
	at io.appium.java_client.DefaultGenericMobileDriver.findElements(DefaultGenericMobileDriver.java:47)
	at io.appium.java_client.AppiumDriver.findElements(AppiumDriver.java:85)
	at org.openqa.selenium.support.pagefactory.DefaultElementLocator.findElements(DefaultElementLocator.java:85)
	at org.openqa.selenium.support.pagefactory.internal.LocatingElementListHandler.invoke(LocatingElementListHandler.java:36)
	at com.sun.proxy.$Proxy14.size(Unknown Source)
	at page.actions.SearchActions.ClickStateData(SearchActions.java:233)
	at page.test.SearchTest.State(SearchTest.java:64)
	at sun.reflect.NativeMethodAccessorImpl.invoke0(Native Method)
	at sun.reflect.NativeMethodAccessorImpl.invoke(NativeMethodAccessorImpl.java:62)
	at sun.reflect.DelegatingMethodAccessorImpl.invoke(DelegatingMethodAccessorImpl.java:43)
	at java.lang.reflect.Method.invoke(Method.java:498)
	at org.testng.internal.MethodInvocationHelper.invokeMethod(MethodInvocationHelper.java:85)
	at org.testng.internal.Invoker.invokeMethod(Invoker.java:639)
	at org.testng.internal.Invoker.invokeTestMethod(Invoker.java:816)
	at org.testng.internal.Invoker.invokeTestMethods(Invoker.java:1124)
	at org.testng.internal.TestMethodWorker.invokeTestMethods(TestMethodWorker.java:125)
	at org.testng.internal.TestMethodWorker.run(TestMethodWorker.java:108)
	at org.testng.TestRunner.privateRun(TestRunner.java:774)
	at org.testng.TestRunner.run(TestRunner.java:624)
	at org.testng.SuiteRunner.runTest(SuiteRunner.java:359)
	at org.testng.SuiteRunner.runSequentially(SuiteRunner.java:354)
	at org.testng.SuiteRunner.privateRun(SuiteRunner.java:312)
	at org.testng.SuiteRunner.run(SuiteRunner.java:261)
	at org.testng.SuiteRunnerWorker.runSuite(SuiteRunnerWorker.java:52)
	at org.testng.SuiteRunnerWorker.run(SuiteRunnerWorker.java:86)
	at org.testng.TestNG.runSuitesSequentially(TestNG.java:1215)
	at org.testng.TestNG.runSuitesLocally(TestNG.java:1140)
	at org.testng.TestNG.run(TestNG.java:1048)
	at org.testng.remote.AbstractRemoteTestNG.run(AbstractRemoteTestNG.java:114)
	at org.testng.remote.RemoteTestNG.initAndRun(RemoteTestNG.java:251)
	at org.testng.remote.RemoteTestNG.main(RemoteTestNG.java:77)
Caused by: org.openqa.selenium.WebDriverException: org.apache.http.conn.HttpHostConnectException: Connect to 192.168.192.214:4723 [/192.168.192.214] failed: Connection refused
Build info: version: 'unknown', revision: '31c43c8', time: '2016-08-02 21:57:56 -0700'
System info: host: 'lp7606.people.local', ip: '10.10.1.225', os.name: 'Mac OS X', os.arch: 'x86_64', os.version: '10.12.6', java.version: '1.8.0_77'
Driver info: driver.version: AppiumDriver
	at io.appium.java_client.remote.AppiumCommandExecutor.execute(AppiumCommandExecutor.java:64)
	at org.openqa.selenium.remote.RemoteWebDriver.execute(RemoteWebDriver.java:649)
	... 40 more
Caused by: org.apache.http.conn.HttpHostConnectException: Connect to 192.168.192.214:4723 [/192.168.192.214] failed: Connection refused
	at org.apache.http.impl.conn.HttpClientConnectionOperator.connect(HttpClientConnectionOperator.java:140)
	at org.apache.http.impl.conn.PoolingHttpClientConnectionManager.connect(PoolingHttpClientConnectionManager.java:314)
	at org.apache.http.impl.execchain.MainClientExec.establishRoute(MainClientExec.java:363)
	at org.apache.http.impl.execchain.MainClientExec.execute(MainClientExec.java:219)
	at org.apache.http.impl.execchain.ProtocolExec.execute(ProtocolExec.java:195)
	at org.apache.http.impl.execchain.RetryExec.execute(RetryExec.java:86)
	at org.apache.http.impl.execchain.RedirectExec.execute(RedirectExec.java:108)
	at org.apache.http.impl.client.InternalHttpClient.doExecute(InternalHttpClient.java:186)
	at org.apache.http.impl.client.CloseableHttpClient.execute(CloseableHttpClient.java:72)
	at org.apache.http.impl.client.CloseableHttpClient.execute(CloseableHttpClient.java:57)
	at org.openqa.selenium.remote.internal.ApacheHttpClient.fallBackExecute(ApacheHttpClient.java:142)
	at org.openqa.selenium.remote.internal.ApacheHttpClient.execute(ApacheHttpClient.java:88)
	at org.openqa.selenium.remote.HttpCommandExecutor.execute(HttpCommandExecutor.java:142)
	at io.appium.java_client.remote.AppiumCommandExecutor.execute(AppiumCommandExecutor.java:52)
	... 41 more
Caused by: java.net.ConnectException: Connection refused
	at java.net.PlainSocketImpl.socketConnect(Native Method)
	at java.net.AbstractPlainSocketImpl.doConnect(AbstractPlainSocketImpl.java:350)
	at java.net.AbstractPlainSocketImpl.connectToAddress(AbstractPlainSocketImpl.java:206)
	at java.net.AbstractPlainSocketImpl.connect(AbstractPlainSocketImpl.java:188)
	at java.net.SocksSocketImpl.connect(SocksSocketImpl.java:392)
	at java.net.Socket.connect(Socket.java:589)
	at org.apache.http.conn.socket.PlainConnectionSocketFactory.connectSocket(PlainConnectionSocketFactory.java:72)
	at org.apache.http.impl.conn.HttpClientConnectionOperator.connect(HttpClientConnectionOperator.java:117)
	... 54 more
]]>
            </full-stacktrace>
          </exception> <!-- org.openqa.selenium.remote.UnreachableBrowserException -->
          <reporter-output>
          </reporter-output>
        </test-method> <!-- State -->
        <test-method status="PASS" signature="afterMethod(java.lang.reflect.Method)[pri:0, instance:page.test.SearchTest@6e6c3152]" name="afterMethod" is-config="true" duration-ms="18" started-at="2018-07-02T12:51:35Z" finished-at="2018-07-02T12:51:35Z">
          <params>
            <param index="0">
              <value>
                <![CDATA[public void page.test.SearchTest.State() throws java.lang.Exception]]>
              </value>
            </param>
          </params>
          <reporter-output>
          </reporter-output>
        </test-method> <!-- afterMethod -->
        <test-method status="PASS" signature="nameBefore(java.lang.reflect.Method)[pri:0, instance:page.test.SearchTest@6e6c3152]" name="nameBefore" is-config="true" duration-ms="1" started-at="2018-07-02T12:51:35Z" finished-at="2018-07-02T12:51:35Z">
          <params>
            <param index="0">
              <value>
                <![CDATA[public void page.test.SearchTest.SearchNow() throws java.lang.Exception]]>
              </value>
            </param>
          </params>
          <reporter-output>
          </reporter-output>
        </test-method> <!-- nameBefore -->
        <test-method status="PASS" signature="SearchNow()[pri:7, instance:page.test.SearchTest@6e6c3152]" name="SearchNow" duration-ms="10008" started-at="2018-07-02T12:51:35Z" finished-at="2018-07-02T12:51:45Z">
          <reporter-output>
          </reporter-output>
        </test-method> <!-- SearchNow -->
        <test-method status="PASS" signature="afterMethod(java.lang.reflect.Method)[pri:0, instance:page.test.SearchTest@6e6c3152]" name="afterMethod" is-config="true" duration-ms="16" started-at="2018-07-02T12:51:45Z" finished-at="2018-07-02T12:51:45Z">
          <params>
            <param index="0">
              <value>
                <![CDATA[public void page.test.SearchTest.SearchNow() throws java.lang.Exception]]>
              </value>
            </param>
          </params>
          <reporter-output>
          </reporter-output>
        </test-method> <!-- afterMethod -->
        <test-method status="FAIL" signature="ConnectNow()[pri:8, instance:page.test.SearchTest@6e6c3152]" name="ConnectNow" duration-ms="3" started-at="2018-07-02T12:51:45Z" finished-at="2018-07-02T12:51:45Z">
          <exception class="org.openqa.selenium.remote.UnreachableBrowserException">
            <message>
              <![CDATA[Error communicating with the remote browser. It may have died.
Build info: version: 'unknown', revision: '31c43c8', time: '2016-08-02 21:57:56 -0700'
System info: host: 'lp7606.people.local', ip: '10.10.1.225', os.name: 'Mac OS X', os.arch: 'x86_64', os.version: '10.12.6', java.version: '1.8.0_77'
Driver info: driver.version: AppiumDriver
Capabilities [{app=/Users/amaanm/Desktop/ShaadiAutomationScript/apk/shaadi.apk, appPackage=com.shaadi.android, deviceScreenSize=540x960, networkConnectionEnabled=true, warnings={}, databaseEnabled=false, deviceName=T00940XXR1, platform=LINUX, deviceUDID=T00940XXR1, appActivity=com.shaadi.android.ui.splash.SplashScreenActivity, desired={app=/Users/amaanm/Desktop/ShaadiAutomationScript/apk/shaadi.apk, appPackage=com.shaadi.android, appActivity=com.shaadi.android.ui.splash.SplashScreenActivity, appium-version=1.8, platformVersion=5.1, platformName=Android, deviceName=T00940XXR1}, appium-version=1.8, platformVersion=5.1, webStorageEnabled=false, locationContextEnabled=false, takesScreenshot=true, javascriptEnabled=true, deviceModel=MotoE2, platformName=Android, deviceManufacturer=motorola}]
Session ID: 60f2db52-e408-4c0a-b8ff-5239b94bee1c]]>
            </message>
            <full-stacktrace>
              <![CDATA[org.openqa.selenium.remote.UnreachableBrowserException: Error communicating with the remote browser. It may have died.
Build info: version: 'unknown', revision: '31c43c8', time: '2016-08-02 21:57:56 -0700'
System info: host: 'lp7606.people.local', ip: '10.10.1.225', os.name: 'Mac OS X', os.arch: 'x86_64', os.version: '10.12.6', java.version: '1.8.0_77'
Driver info: driver.version: AppiumDriver
Capabilities [{app=/Users/amaanm/Desktop/ShaadiAutomationScript/apk/shaadi.apk, appPackage=com.shaadi.android, deviceScreenSize=540x960, networkConnectionEnabled=true, warnings={}, databaseEnabled=false, deviceName=T00940XXR1, platform=LINUX, deviceUDID=T00940XXR1, appActivity=com.shaadi.android.ui.splash.SplashScreenActivity, desired={app=/Users/amaanm/Desktop/ShaadiAutomationScript/apk/shaadi.apk, appPackage=com.shaadi.android, appActivity=com.shaadi.android.ui.splash.SplashScreenActivity, appium-version=1.8, platformVersion=5.1, platformName=Android, deviceName=T00940XXR1}, appium-version=1.8, platformVersion=5.1, webStorageEnabled=false, locationContextEnabled=false, takesScreenshot=true, javascriptEnabled=true, deviceModel=MotoE2, platformName=Android, deviceManufacturer=motorola}]
Session ID: 60f2db52-e408-4c0a-b8ff-5239b94bee1c
	at org.openqa.selenium.remote.RemoteWebDriver.execute(RemoteWebDriver.java:670)
	at io.appium.java_client.DefaultGenericMobileDriver.execute(DefaultGenericMobileDriver.java:42)
	at io.appium.java_client.AppiumDriver.execute(AppiumDriver.java:1)
	at io.appium.java_client.android.AndroidDriver.execute(AndroidDriver.java:1)
	at org.openqa.selenium.remote.RemoteWebDriver.findElements(RemoteWebDriver.java:402)
	at org.openqa.selenium.remote.RemoteWebDriver.findElementsById(RemoteWebDriver.java:434)
	at io.appium.java_client.DefaultGenericMobileDriver.findElementsById(DefaultGenericMobileDriver.java:57)
	at io.appium.java_client.AppiumDriver.findElementsById(AppiumDriver.java:90)
	at org.openqa.selenium.By$ById.findElements(By.java:210)
	at org.openqa.selenium.remote.RemoteWebDriver.findElements(RemoteWebDriver.java:365)
	at io.appium.java_client.DefaultGenericMobileDriver.findElements(DefaultGenericMobileDriver.java:47)
	at io.appium.java_client.AppiumDriver.findElements(AppiumDriver.java:85)
	at org.openqa.selenium.support.pagefactory.DefaultElementLocator.findElements(DefaultElementLocator.java:85)
	at org.openqa.selenium.support.pagefactory.internal.LocatingElementListHandler.invoke(LocatingElementListHandler.java:36)
	at com.sun.proxy.$Proxy14.get(Unknown Source)
	at page.actions.SearchActions.ScrollProfilePage(SearchActions.java:45)
	at page.test.SearchTest.ConnectNow(SearchTest.java:88)
	at sun.reflect.NativeMethodAccessorImpl.invoke0(Native Method)
	at sun.reflect.NativeMethodAccessorImpl.invoke(NativeMethodAccessorImpl.java:62)
	at sun.reflect.DelegatingMethodAccessorImpl.invoke(DelegatingMethodAccessorImpl.java:43)
	at java.lang.reflect.Method.invoke(Method.java:498)
	at org.testng.internal.MethodInvocationHelper.invokeMethod(MethodInvocationHelper.java:85)
	at org.testng.internal.Invoker.invokeMethod(Invoker.java:639)
	at org.testng.internal.Invoker.invokeTestMethod(Invoker.java:816)
	at org.testng.internal.Invoker.invokeTestMethods(Invoker.java:1124)
	at org.testng.internal.TestMethodWorker.invokeTestMethods(TestMethodWorker.java:125)
	at org.testng.internal.TestMethodWorker.run(TestMethodWorker.java:108)
	at org.testng.TestRunner.privateRun(TestRunner.java:774)
	at org.testng.TestRunner.run(TestRunner.java:624)
	at org.testng.SuiteRunner.runTest(SuiteRunner.java:359)
	at org.testng.SuiteRunner.runSequentially(SuiteRunner.java:354)
	at org.testng.SuiteRunner.privateRun(SuiteRunner.java:312)
	at org.testng.SuiteRunner.run(SuiteRunner.java:261)
	at org.testng.SuiteRunnerWorker.runSuite(SuiteRunnerWorker.java:52)
	at org.testng.SuiteRunnerWorker.run(SuiteRunnerWorker.java:86)
	at org.testng.TestNG.runSuitesSequentially(TestNG.java:1215)
	at org.testng.TestNG.runSuitesLocally(TestNG.java:1140)
	at org.testng.TestNG.run(TestNG.java:1048)
	at org.testng.remote.AbstractRemoteTestNG.run(AbstractRemoteTestNG.java:114)
	at org.testng.remote.RemoteTestNG.initAndRun(RemoteTestNG.java:251)
	at org.testng.remote.RemoteTestNG.main(RemoteTestNG.java:77)
Caused by: org.openqa.selenium.WebDriverException: org.apache.http.conn.HttpHostConnectException: Connect to 192.168.192.214:4723 [/192.168.192.214] failed: Connection refused
Build info: version: 'unknown', revision: '31c43c8', time: '2016-08-02 21:57:56 -0700'
System info: host: 'lp7606.people.local', ip: '10.10.1.225', os.name: 'Mac OS X', os.arch: 'x86_64', os.version: '10.12.6', java.version: '1.8.0_77'
Driver info: driver.version: AppiumDriver
	at io.appium.java_client.remote.AppiumCommandExecutor.execute(AppiumCommandExecutor.java:64)
	at org.openqa.selenium.remote.RemoteWebDriver.execute(RemoteWebDriver.java:649)
	... 40 more
Caused by: org.apache.http.conn.HttpHostConnectException: Connect to 192.168.192.214:4723 [/192.168.192.214] failed: Connection refused
	at org.apache.http.impl.conn.HttpClientConnectionOperator.connect(HttpClientConnectionOperator.java:140)
	at org.apache.http.impl.conn.PoolingHttpClientConnectionManager.connect(PoolingHttpClientConnectionManager.java:314)
	at org.apache.http.impl.execchain.MainClientExec.establishRoute(MainClientExec.java:363)
	at org.apache.http.impl.execchain.MainClientExec.execute(MainClientExec.java:219)
	at org.apache.http.impl.execchain.ProtocolExec.execute(ProtocolExec.java:195)
	at org.apache.http.impl.execchain.RetryExec.execute(RetryExec.java:86)
	at org.apache.http.impl.execchain.RedirectExec.execute(RedirectExec.java:108)
	at org.apache.http.impl.client.InternalHttpClient.doExecute(InternalHttpClient.java:186)
	at org.apache.http.impl.client.CloseableHttpClient.execute(CloseableHttpClient.java:72)
	at org.apache.http.impl.client.CloseableHttpClient.execute(CloseableHttpClient.java:57)
	at org.openqa.selenium.remote.internal.ApacheHttpClient.fallBackExecute(ApacheHttpClient.java:142)
	at org.openqa.selenium.remote.internal.ApacheHttpClient.execute(ApacheHttpClient.java:88)
	at org.openqa.selenium.remote.HttpCommandExecutor.execute(HttpCommandExecutor.java:142)
	at io.appium.java_client.remote.AppiumCommandExecutor.execute(AppiumCommandExecutor.java:52)
	... 41 more
Caused by: java.net.ConnectException: Connection refused
	at java.net.PlainSocketImpl.socketConnect(Native Method)
	at java.net.AbstractPlainSocketImpl.doConnect(AbstractPlainSocketImpl.java:350)
	at java.net.AbstractPlainSocketImpl.connectToAddress(AbstractPlainSocketImpl.java:206)
	at java.net.AbstractPlainSocketImpl.connect(AbstractPlainSocketImpl.java:188)
	at java.net.SocksSocketImpl.connect(SocksSocketImpl.java:392)
	at java.net.Socket.connect(Socket.java:589)
	at org.apache.http.conn.socket.PlainConnectionSocketFactory.connectSocket(PlainConnectionSocketFactory.java:72)
	at org.apache.http.impl.conn.HttpClientConnectionOperator.connect(HttpClientConnectionOperator.java:117)
	... 54 more
]]>
            </full-stacktrace>
          </exception> <!-- org.openqa.selenium.remote.UnreachableBrowserException -->
          <reporter-output>
          </reporter-output>
        </test-method> <!-- ConnectNow -->
        <test-method status="PASS" signature="nameBefore(java.lang.reflect.Method)[pri:0, instance:page.test.SearchTest@6e6c3152]" name="nameBefore" is-config="true" duration-ms="0" started-at="2018-07-02T12:51:45Z" finished-at="2018-07-02T12:51:45Z">
          <params>
            <param index="0">
              <value>
                <![CDATA[public void page.test.SearchTest.ConnectNow() throws java.lang.Exception]]>
              </value>
            </param>
          </params>
          <reporter-output>
          </reporter-output>
        </test-method> <!-- nameBefore -->
        <test-method status="PASS" signature="afterMethod(java.lang.reflect.Method)[pri:0, instance:page.test.SearchTest@6e6c3152]" name="afterMethod" is-config="true" duration-ms="29" started-at="2018-07-02T12:51:45Z" finished-at="2018-07-02T12:51:45Z">
          <params>
            <param index="0">
              <value>
                <![CDATA[public void page.test.SearchTest.ConnectNow() throws java.lang.Exception]]>
              </value>
            </param>
          </params>
          <reporter-output>
          </reporter-output>
        </test-method> <!-- afterMethod -->
      </class> <!-- page.test.SearchTest -->
    </test> <!-- Test -->
  </suite> <!-- Shaadi.com Automation Test Suite -->
</testng-results>
